2025-02-14 20:17:10,312 INFO: Fetched data for 2 strategies.
2025-02-14 20:17:10,315 INFO: Expected Returns: [0.4548263912849338, 0.3612982748030677]
2025-02-14 20:17:10,316 INFO: Volatility: [0.015286302563230731, 0.02385584264316878]
2025-02-14 20:17:10,316 INFO: Max Commitments: [0.0, 212539189000.0]
2025-02-14 20:17:10,318 INFO: Initial liquidity: 12823556000.0, using buffer percentage: 0.3
2025-02-14 20:17:10,320 INFO: Forecasted capital calls: 82988706.12196541
2025-02-14 20:17:10,321 INFO: Calibrated risk-free rate from macroeconomic_data: 0.0388
2025-02-14 20:17:10,322 INFO: Starting optimization using dynamic Blackstone data.
2025-02-14 20:17:10,334 INFO: Optimization successful.
2025-02-14 20:17:10,337 INFO: Fetched data for 2 strategies.
2025-02-14 20:17:10,337 INFO: Expected Returns: [0.4548263912849338, 0.3612982748030677]
2025-02-14 20:17:10,338 INFO: Volatility: [0.015286302563230731, 0.02385584264316878]
2025-02-14 20:17:10,338 INFO: Max Commitments: [0.0, 212539189000.0]
2025-02-14 20:17:10,339 INFO: Initial liquidity: 12823556000.0, using buffer percentage: 0.3
2025-02-14 20:17:10,341 INFO: Forecasted capital calls: 82988706.12196541
2025-02-14 20:17:10,342 INFO: Calibrated risk-free rate from macroeconomic_data: 0.0388
2025-02-14 20:17:10,351 INFO: Fetched data for 2 strategies.
2025-02-14 20:17:10,352 INFO: Expected Returns: [0.4548263912849338, 0.3612982748030677]
2025-02-14 20:17:10,352 INFO: Volatility: [0.015286302563230731, 0.02385584264316878]
2025-02-14 20:17:10,353 INFO: Max Commitments: [0.0, 212539189000.0]
2025-02-14 20:17:10,354 INFO: Initial liquidity: 12823556000.0, using buffer percentage: 0.3
2025-02-14 20:17:10,357 INFO: Forecasted capital calls: 82988706.12196541
2025-02-14 20:17:10,358 INFO: Calibrated risk-free rate from macroeconomic_data: 0.0388
2025-02-14 20:17:10,372 INFO: Fetched data for 2 strategies.
2025-02-14 20:17:10,373 INFO: Expected Returns: [0.4548263912849338, 0.3612982748030677]
2025-02-14 20:17:10,373 INFO: Volatility: [0.015286302563230731, 0.02385584264316878]
2025-02-14 20:17:10,373 INFO: Max Commitments: [0.0, 212539189000.0]
2025-02-14 20:17:10,374 INFO: Initial liquidity: 12823556000.0, using buffer percentage: 0.3
2025-02-14 20:17:10,377 INFO: Forecasted capital calls: 82988706.12196541
2025-02-14 20:17:10,378 INFO: Calibrated risk-free rate from macroeconomic_data: 0.0388
2025-02-14 20:17:10,388 INFO: Fetched data for 2 strategies.
2025-02-14 20:17:10,389 INFO: Expected Returns: [0.4548263912849338, 0.3612982748030677]
2025-02-14 20:17:10,389 INFO: Volatility: [0.015286302563230731, 0.02385584264316878]
2025-02-14 20:17:10,390 INFO: Max Commitments: [0.0, 212539189000.0]
2025-02-14 20:17:10,390 INFO: Initial liquidity: 12823556000.0, using buffer percentage: 0.3
2025-02-14 20:17:10,393 INFO: Forecasted capital calls: 82988706.12196541
2025-02-14 20:17:10,403 INFO: Fetched data for 2 strategies.
2025-02-14 20:17:10,404 INFO: Expected Returns: [0.4548263912849338, 0.3612982748030677]
2025-02-14 20:17:10,404 INFO: Volatility: [0.015286302563230731, 0.02385584264316878]
2025-02-14 20:17:10,404 INFO: Max Commitments: [0.0, 212539189000.0]
2025-02-14 20:17:10,405 INFO: Initial liquidity: 12823556000.0, using buffer percentage: 0.3
2025-02-14 20:17:10,408 INFO: Forecasted capital calls: 82988706.12196541
2025-02-14 20:17:10,421 INFO: Fetched data for 2 strategies.
2025-02-14 20:17:10,422 INFO: Expected Returns: [0.4548263912849338, 0.3612982748030677]
2025-02-14 20:17:10,423 INFO: Volatility: [0.015286302563230731, 0.02385584264316878]
2025-02-14 20:17:10,423 INFO: Max Commitments: [0.0, 212539189000.0]
2025-02-14 20:17:10,424 INFO: Initial liquidity: 12823556000.0, using buffer percentage: 0.3
2025-02-14 20:17:10,427 INFO: Forecasted capital calls: 82988706.12196541
2025-02-14 20:22:12,784 INFO: Final DB_PATH = C:\Users\ryanl\OneDrive\Desktop\Programming Apps\Python\python_work\BX_Liquidity_Forecasting\database\blackstone_data.db
2025-02-14 20:22:12,840 INFO: Using DB_PATH = C:\Users\ryanl\OneDrive\Desktop\Programming Apps\Python\python_work\BX_Liquidity_Forecasting\database\blackstone_data.db
2025-02-14 20:22:12,841 ERROR: Error loading data: unable to open database file
2025-02-14 20:22:29,575 INFO: Final DB_PATH = C:\Users\ryanl\OneDrive\Desktop\Programming Apps\Python\python_work\BX_Liquidity_Forecasting\database\blackstone_data.db
2025-02-14 20:22:30,870 INFO: Using DB_PATH = C:\Users\ryanl\OneDrive\Desktop\Programming Apps\Python\python_work\BX_Liquidity_Forecasting\database\blackstone_data.db
2025-02-14 20:22:30,871 ERROR: Error loading data: unable to open database file
2025-02-14 20:23:00,152 INFO: Final DB_PATH = C:\Users\ryanl\OneDrive\Desktop\Programming Apps\Python\python_work\BX_Liquidity_Forecasting\database\blackstone_data.db
2025-02-14 20:23:01,452 INFO: Using DB_PATH = C:\Users\ryanl\OneDrive\Desktop\Programming Apps\Python\python_work\BX_Liquidity_Forecasting\database\blackstone_data.db
2025-02-14 20:23:01,453 ERROR: Error loading data: unable to open database file
2025-02-14 20:24:19,537 INFO: Final DB_PATH = C:\Users\ryanl\OneDrive\Desktop\Programming Apps\Python\python_work\KKR_Liquidity_Forecasting\database\blackstone_data.db
2025-02-14 20:24:20,813 INFO: Using DB_PATH = C:\Users\ryanl\OneDrive\Desktop\Programming Apps\Python\python_work\KKR_Liquidity_Forecasting\database\blackstone_data.db
2025-02-14 20:24:20,999 WARNING: Could not infer frequency from Date index.
2025-02-14 20:24:21,059 INFO: Tested SARIMAX order (0,1,0) AIC: 33942.677333612504
2025-02-14 20:24:21,076 INFO: Tested SARIMAX order (0,1,1) AIC: 33911.87138919131
2025-02-14 20:24:21,089 INFO: Tested SARIMAX order (0,1,2) AIC: 33881.07496051238
2025-02-14 20:24:21,101 INFO: Tested SARIMAX order (1,1,0) AIC: 33944.67534422216
2025-02-14 20:24:21,114 INFO: Tested SARIMAX order (1,1,1) AIC: 33913.87138919131
2025-02-14 20:24:21,128 INFO: Tested SARIMAX order (1,1,2) AIC: 33883.07496051238
2025-02-14 20:24:21,141 INFO: Tested SARIMAX order (2,1,0) AIC: 33913.86939251865
2025-02-14 20:24:21,156 INFO: Tested SARIMAX order (2,1,1) AIC: 33915.87138919131
2025-02-14 20:24:21,172 INFO: Tested SARIMAX order (2,1,2) AIC: 33885.07496051238
2025-02-14 20:24:21,174 INFO: Selected SARIMAX order (0, 1, 2) with AIC: 33881.07496051238
2025-02-14 20:24:21,561 INFO: MAE: nan, RMSE: nan
2025-02-14 20:27:38,851 INFO: Final DB_PATH = C:\Users\ryanl\OneDrive\Desktop\Programming Apps\Python\python_work\BX_Liquidity_Forecasting\database\blackstone_data.db
2025-02-14 20:27:40,449 INFO: Using DB_PATH = C:\Users\ryanl\OneDrive\Desktop\Programming Apps\Python\python_work\BX_Liquidity_Forecasting\database\blackstone_data.db
2025-02-14 20:27:40,452 ERROR: Error loading data: unable to open database file
2025-02-14 20:27:51,715 INFO: Final DB_PATH = C:\Users\ryanl\OneDrive\Desktop\Programming Apps\Python\python_work\KKR_Liquidity_Forecasting\database\blackstone_data.db
2025-02-14 20:27:53,336 INFO: Using DB_PATH = C:\Users\ryanl\OneDrive\Desktop\Programming Apps\Python\python_work\KKR_Liquidity_Forecasting\database\blackstone_data.db
2025-02-14 20:27:53,383 WARNING: Could not infer frequency from Date index. Setting frequency to 'D' (daily).
2025-02-14 20:27:53,412 INFO: Tested SARIMAX order (0,1,0) AIC: 33942.677333612504
2025-02-14 20:27:53,426 INFO: Tested SARIMAX order (0,1,1) AIC: 33911.87138919131
2025-02-14 20:27:53,441 INFO: Tested SARIMAX order (0,1,2) AIC: 33881.07496051238
2025-02-14 20:27:53,452 INFO: Tested SARIMAX order (1,1,0) AIC: 33944.67534422216
2025-02-14 20:27:53,466 INFO: Tested SARIMAX order (1,1,1) AIC: 33913.87138919131
2025-02-14 20:27:53,480 INFO: Tested SARIMAX order (1,1,2) AIC: 33883.07496051238
2025-02-14 20:27:53,493 INFO: Tested SARIMAX order (2,1,0) AIC: 33913.86939251865
2025-02-14 20:27:53,509 INFO: Tested SARIMAX order (2,1,1) AIC: 33915.87138919131
2025-02-14 20:27:53,524 INFO: Tested SARIMAX order (2,1,2) AIC: 33885.07496051238
2025-02-14 20:27:53,526 INFO: Selected SARIMAX order (0, 1, 2) with AIC: 33881.07496051238
2025-02-14 20:27:53,549 INFO: MAE: nan, RMSE: nan, MAPE: nan
2025-02-14 20:31:34,063 INFO: Final DB_PATH = C:\Users\ryanl\OneDrive\Desktop\Programming Apps\Python\python_work\BX_Liquidity_Forecasting\database\blackstone_data.db
2025-02-14 20:31:36,338 INFO: Using DB_PATH = C:\Users\ryanl\OneDrive\Desktop\Programming Apps\Python\python_work\BX_Liquidity_Forecasting\database\blackstone_data.db
2025-02-14 20:31:36,340 ERROR: Error loading data: unable to open database file
2025-02-14 20:31:42,857 INFO: Final DB_PATH = C:\Users\ryanl\OneDrive\Desktop\Programming Apps\Python\python_work\KKR_Liquidity_Forecasting\database\blackstone_data.db
2025-02-14 20:31:45,132 INFO: Using DB_PATH = C:\Users\ryanl\OneDrive\Desktop\Programming Apps\Python\python_work\KKR_Liquidity_Forecasting\database\blackstone_data.db
2025-02-14 20:31:45,182 WARNING: Could not infer frequency from Date index. Setting frequency to 'D' (daily).
2025-02-14 20:31:45,193 INFO: Removed 0 outlier rows based on z-score.
2025-02-14 20:31:45,207 INFO: Tested SARIMAX order (0,1,0) seasonal (0, 0, 0, 7) AIC: 33942.677333612504
2025-02-14 20:31:45,239 INFO: Tested SARIMAX order (0,1,0) seasonal (1, 0, 1, 7) AIC: 33717.11193507563
2025-02-14 20:31:45,255 INFO: Tested SARIMAX order (0,1,1) seasonal (0, 0, 0, 7) AIC: 33911.87138919131
2025-02-14 20:31:45,281 INFO: Tested SARIMAX order (0,1,1) seasonal (1, 0, 1, 7) AIC: 33686.21226683404
2025-02-14 20:31:45,299 INFO: Tested SARIMAX order (0,1,2) seasonal (0, 0, 0, 7) AIC: 33881.07496051238
2025-02-14 20:31:45,327 INFO: Tested SARIMAX order (0,1,2) seasonal (1, 0, 1, 7) AIC: 33655.38781008963
2025-02-14 20:31:45,343 INFO: Tested SARIMAX order (1,1,0) seasonal (0, 0, 0, 7) AIC: 33944.67534422216
2025-02-14 20:31:45,369 INFO: Tested SARIMAX order (1,1,0) seasonal (1, 0, 1, 7) AIC: 33719.03716951145
2025-02-14 20:31:45,385 INFO: Tested SARIMAX order (1,1,1) seasonal (0, 0, 0, 7) AIC: 33913.87138919131
2025-02-14 20:31:45,414 INFO: Tested SARIMAX order (1,1,1) seasonal (1, 0, 1, 7) AIC: 33688.21226683404
2025-02-14 20:31:45,433 INFO: Tested SARIMAX order (1,1,2) seasonal (0, 0, 0, 7) AIC: 33883.07496051238
2025-02-14 20:31:45,468 INFO: Tested SARIMAX order (1,1,2) seasonal (1, 0, 1, 7) AIC: 33657.38781008963
2025-02-14 20:31:45,485 INFO: Tested SARIMAX order (2,1,0) seasonal (0, 0, 0, 7) AIC: 33913.86939251865
2025-02-14 20:31:45,512 INFO: Tested SARIMAX order (2,1,0) seasonal (1, 0, 1, 7) AIC: 33688.22424222191
2025-02-14 20:31:45,531 INFO: Tested SARIMAX order (2,1,1) seasonal (0, 0, 0, 7) AIC: 33915.87138919131
2025-02-14 20:31:45,563 INFO: Tested SARIMAX order (2,1,1) seasonal (1, 0, 1, 7) AIC: 33690.21226683404
2025-02-14 20:31:45,584 INFO: Tested SARIMAX order (2,1,2) seasonal (0, 0, 0, 7) AIC: 33885.07496051238
2025-02-14 20:31:45,619 INFO: Tested SARIMAX order (2,1,2) seasonal (1, 0, 1, 7) AIC: 33659.38781008963
2025-02-14 20:31:45,622 INFO: Selected SARIMAX order (0, 1, 2) and seasonal_order (1, 0, 1, 7) with AIC: 33655.38781008963
2025-02-14 20:31:45,657 INFO: MAE: 220925635.186588, RMSE: 221807577.35672185, MAPE: 1342.7489742597013
2025-02-14 20:35:50,494 INFO: Final DB_PATH = C:\Users\ryanl\OneDrive\Desktop\Programming Apps\Python\python_work\KKR_Liquidity_Forecasting\database\blackstone_data.db
2025-02-14 20:35:53,031 INFO: Using DB_PATH = C:\Users\ryanl\OneDrive\Desktop\Programming Apps\Python\python_work\KKR_Liquidity_Forecasting\database\blackstone_data.db
2025-02-14 20:35:53,083 WARNING: Could not infer frequency from Date index. Setting frequency to 'D' (daily).
2025-02-14 20:35:53,091 INFO: Removed 0 outlier rows based on z-score.
2025-02-14 20:35:53,104 INFO: Tested SARIMAX order (0,1,0) seasonal (0, 0, 0, 7) AIC: 33942.677333612504
2025-02-14 20:35:53,131 INFO: Tested SARIMAX order (0,1,0) seasonal (1, 0, 1, 7) AIC: 33717.11193507563
2025-02-14 20:35:53,147 INFO: Tested SARIMAX order (0,1,1) seasonal (0, 0, 0, 7) AIC: 33911.87138919131
2025-02-14 20:35:53,172 INFO: Tested SARIMAX order (0,1,1) seasonal (1, 0, 1, 7) AIC: 33686.21226683404
2025-02-14 20:35:53,188 INFO: Tested SARIMAX order (0,1,2) seasonal (0, 0, 0, 7) AIC: 33881.07496051238
2025-02-14 20:35:53,216 INFO: Tested SARIMAX order (0,1,2) seasonal (1, 0, 1, 7) AIC: 33655.38781008963
2025-02-14 20:35:53,229 INFO: Tested SARIMAX order (1,1,0) seasonal (0, 0, 0, 7) AIC: 33944.67534422216
2025-02-14 20:35:53,253 INFO: Tested SARIMAX order (1,1,0) seasonal (1, 0, 1, 7) AIC: 33719.03716951145
2025-02-14 20:35:53,270 INFO: Tested SARIMAX order (1,1,1) seasonal (0, 0, 0, 7) AIC: 33913.87138919131
2025-02-14 20:35:53,296 INFO: Tested SARIMAX order (1,1,1) seasonal (1, 0, 1, 7) AIC: 33688.21226683404
2025-02-14 20:35:53,315 INFO: Tested SARIMAX order (1,1,2) seasonal (0, 0, 0, 7) AIC: 33883.07496051238
2025-02-14 20:35:53,344 INFO: Tested SARIMAX order (1,1,2) seasonal (1, 0, 1, 7) AIC: 33657.38781008963
2025-02-14 20:35:53,361 INFO: Tested SARIMAX order (2,1,0) seasonal (0, 0, 0, 7) AIC: 33913.86939251865
2025-02-14 20:35:53,388 INFO: Tested SARIMAX order (2,1,0) seasonal (1, 0, 1, 7) AIC: 33688.22424222191
2025-02-14 20:35:53,405 INFO: Tested SARIMAX order (2,1,1) seasonal (0, 0, 0, 7) AIC: 33915.87138919131
2025-02-14 20:35:53,431 INFO: Tested SARIMAX order (2,1,1) seasonal (1, 0, 1, 7) AIC: 33690.21226683404
2025-02-14 20:35:53,451 INFO: Tested SARIMAX order (2,1,2) seasonal (0, 0, 0, 7) AIC: 33885.07496051238
2025-02-14 20:35:53,483 INFO: Tested SARIMAX order (2,1,2) seasonal (1, 0, 1, 7) AIC: 33659.38781008963
2025-02-14 20:35:53,486 INFO: Selected SARIMAX order (0, 1, 2) and seasonal_order (1, 0, 1, 7) with AIC: 33655.38781008963
2025-02-14 20:35:53,521 INFO: MAE: 220925635.186588, RMSE: 221807577.35672185, MAPE: 1342.7489742597013
2025-02-14 20:40:01,345 INFO: Final DB_PATH = C:\Users\ryanl\OneDrive\Desktop\Programming Apps\Python\python_work\KKR_Liquidity_Forecasting\database\blackstone_data.db
2025-02-14 20:40:04,933 INFO: Using DB_PATH = C:\Users\ryanl\OneDrive\Desktop\Programming Apps\Python\python_work\KKR_Liquidity_Forecasting\database\blackstone_data.db
2025-02-14 20:40:04,982 WARNING: Could not infer frequency from Date index. Setting frequency to 'D' (daily).
2025-02-14 20:40:04,993 INFO: Outlier removal complete.
2025-02-14 20:40:04,997 ERROR: Error loading exogenous data: Execution failed on sql 'SELECT Date, `10Y Treasury Yield` FROM macroeconomic_data': no such column: Date
2025-02-14 20:40:05,002 ERROR: Error loading exogenous data: Execution failed on sql 'SELECT Date, `10Y Treasury Yield` FROM macroeconomic_data': no such column: Date
2025-02-14 20:40:05,013 INFO: Tested order (0,1,0) seasonal (0, 0, 0, 7) AIC: 33942.677333612504
2025-02-14 20:40:05,042 INFO: Tested order (0,1,0) seasonal (1, 0, 1, 7) AIC: 33717.11193507563
2025-02-14 20:40:05,057 INFO: Tested order (0,1,1) seasonal (0, 0, 0, 7) AIC: 33911.87138919131
2025-02-14 20:40:05,084 INFO: Tested order (0,1,1) seasonal (1, 0, 1, 7) AIC: 33686.21226683404
2025-02-14 20:40:05,100 INFO: Tested order (0,1,2) seasonal (0, 0, 0, 7) AIC: 33881.07496051238
2025-02-14 20:40:05,129 INFO: Tested order (0,1,2) seasonal (1, 0, 1, 7) AIC: 33655.38781008963
2025-02-14 20:40:05,144 INFO: Tested order (1,1,0) seasonal (0, 0, 0, 7) AIC: 33944.67534422216
2025-02-14 20:40:05,167 INFO: Tested order (1,1,0) seasonal (1, 0, 1, 7) AIC: 33719.03716951145
2025-02-14 20:40:05,186 INFO: Tested order (1,1,1) seasonal (0, 0, 0, 7) AIC: 33913.87138919131
2025-02-14 20:40:05,212 INFO: Tested order (1,1,1) seasonal (1, 0, 1, 7) AIC: 33688.21226683404
2025-02-14 20:40:05,231 INFO: Tested order (1,1,2) seasonal (0, 0, 0, 7) AIC: 33883.07496051238
2025-02-14 20:40:05,262 INFO: Tested order (1,1,2) seasonal (1, 0, 1, 7) AIC: 33657.38781008963
2025-02-14 20:40:05,279 INFO: Tested order (2,1,0) seasonal (0, 0, 0, 7) AIC: 33913.86939251865
2025-02-14 20:40:05,304 INFO: Tested order (2,1,0) seasonal (1, 0, 1, 7) AIC: 33688.22424222191
2025-02-14 20:40:05,321 INFO: Tested order (2,1,1) seasonal (0, 0, 0, 7) AIC: 33915.87138919131
2025-02-14 20:40:05,348 INFO: Tested order (2,1,1) seasonal (1, 0, 1, 7) AIC: 33690.21226683404
2025-02-14 20:40:05,367 INFO: Tested order (2,1,2) seasonal (0, 0, 0, 7) AIC: 33885.07496051238
2025-02-14 20:40:05,401 INFO: Tested order (2,1,2) seasonal (1, 0, 1, 7) AIC: 33659.38781008963
2025-02-14 20:40:05,404 INFO: Selected order (0, 1, 2) and seasonal_order (1, 0, 1, 7) with AIC: 33655.38781008963
2025-02-14 20:40:05,461 INFO: Ensemble forecast error metrics -- MAE: 220927351.95803785, RMSE: 221809287.04319322, MAPE: 1342.7593298212498
